<?xml version="1.0" encoding="UTF-8"?>
<!-- Generated by org.testng.reporters.JUnitReportReporter -->
<testsuite hostname="LAPTOP-79H0M76G" name="GoogleNewslink" tests="2" failures="0" timestamp="22 Jan 2021 20:55:03 GMT" time="14.938" errors="0">
  <testcase name="selectLinks" time="6.514" classname="GoogleNewslink"/>
  <testcase name="launchApplication" time="8.424" classname="GoogleNewslink"/>
</testsuite> <!-- GoogleNewslink -->
